Determining if the pthread_create exist failed with the following output:
Change Dir: /home/yuhsh/Design-Pattern/CPlusPlus/Singleton/CMakeFiles/CMakeTmp

Run Build Command:/usr/bin/make "cmTryCompileExec1686091272/fast"
/usr/bin/make -f CMakeFiles/cmTryCompileExec1686091272.dir/build.make CMakeFiles/cmTryCompileExec1686091272.dir/build
make[1]: Entering directory `/home/yuhsh/Design-Pattern/CPlusPlus/Singleton/CMakeFiles/CMakeTmp'
/usr/bin/cmake -E cmake_progress_report /home/yuhsh/Design-Pattern/CPlusPlus/Singleton/CMakeFiles/CMakeTmp/CMakeFiles 1
Building C object CMakeFiles/cmTryCompileExec1686091272.dir/CheckSymbolExists.c.o
/usr/bin/cc    -o CMakeFiles/cmTryCompileExec1686091272.dir/CheckSymbolExists.c.o   -c /home/yuhsh/Design-Pattern/CPlusPlus/Singleton/CMakeFiles/CMakeTmp/CheckSymbolExists.c
Linking C executable cmTryCompileExec1686091272
/usr/bin/cmake -E cmake_link_script CMakeFiles/cmTryCompileExec1686091272.dir/link.txt --verbose=1
/usr/bin/cc       CMakeFiles/cmTryCompileExec1686091272.dir/CheckSymbolExists.c.o  -o cmTryCompileExec1686091272 -rdynamic 
CMakeFiles/cmTryCompileExec1686091272.dir/CheckSymbolExists.c.o: In function `main':
CheckSymbolExists.c:(.text+0x16): undefined reference to `pthread_create'
collect2: error: ld returned 1 exit status
make[1]: Leaving directory `/home/yuhsh/Design-Pattern/CPlusPlus/Singleton/CMakeFiles/CMakeTmp'
make[1]: *** [cmTryCompileExec1686091272] Error 1
make: *** [cmTryCompileExec1686091272/fast] Error 2

File /home/yuhsh/Design-Pattern/CPlusPlus/Singleton/CMakeFiles/CMakeTmp/CheckSymbolExists.c:
/* */
#include <pthread.h>

int main(int argc, char** argv)
{
  (void)argv;
#ifndef pthread_create
  return ((int*)(&pthread_create))[argc];
#else
  (void)argc;
  return 0;
#endif
}

Determining if the function pthread_create exists in the pthreads failed with the following output:
Change Dir: /home/yuhsh/Design-Pattern/CPlusPlus/Singleton/CMakeFiles/CMakeTmp

Run Build Command:/usr/bin/make "cmTryCompileExec1449456759/fast"
/usr/bin/make -f CMakeFiles/cmTryCompileExec1449456759.dir/build.make CMakeFiles/cmTryCompileExec1449456759.dir/build
make[1]: Entering directory `/home/yuhsh/Design-Pattern/CPlusPlus/Singleton/CMakeFiles/CMakeTmp'
/usr/bin/cmake -E cmake_progress_report /home/yuhsh/Design-Pattern/CPlusPlus/Singleton/CMakeFiles/CMakeTmp/CMakeFiles 1
Building C object CMakeFiles/cmTryCompileExec1449456759.dir/CheckFunctionExists.c.o
/usr/bin/cc   -DCHECK_FUNCTION_EXISTS=pthread_create   -o CMakeFiles/cmTryCompileExec1449456759.dir/CheckFunctionExists.c.o   -c /usr/share/cmake-2.8/Modules/CheckFunctionExists.c
Linking C executable cmTryCompileExec1449456759
/usr/bin/cmake -E cmake_link_script CMakeFiles/cmTryCompileExec1449456759.dir/link.txt --verbose=1
/usr/bin/cc   -DCHECK_FUNCTION_EXISTS=pthread_create    CMakeFiles/cmTryCompileExec1449456759.dir/CheckFunctionExists.c.o  -o cmTryCompileExec1449456759 -rdynamic -lpthreads 
/usr/bin/ld: cannot find -lpthreads
collect2: error: ld returned 1 exit status
make[1]: Leaving directory `/home/yuhsh/Design-Pattern/CPlusPlus/Singleton/CMakeFiles/CMakeTmp'
make[1]: *** [cmTryCompileExec1449456759] Error 1
make: *** [cmTryCompileExec1449456759/fast] Error 2


